[debug] [2024-01-07T11:44:31.950Z] ----------------------------------------------------------------------
[debug] [2024-01-07T11:44:31.953Z] Command:       C:\Program Files\nodejs\node.exe C:\Users\GAURI KET\AppData\Roaming\npm\node_modules\firebase-tools\lib\bin\firebase.js init
[debug] [2024-01-07T11:44:31.954Z] CLI Version:   12.4.4
[debug] [2024-01-07T11:44:31.954Z] Platform:      win32
[debug] [2024-01-07T11:44:31.954Z] Node Version:  v20.8.0
[debug] [2024-01-07T11:44:31.954Z] Time:          Sun Jan 07 2024 17:14:31 GMT+0530 (India Standard Time)
[debug] [2024-01-07T11:44:31.954Z] ----------------------------------------------------------------------
[debug] 
[debug] [2024-01-07T11:44:31.959Z] >>> [apiv2][query] GET https://firebase-public.firebaseio.com/cli.json [none]
[debug] [2024-01-07T11:44:32.098Z] > command requires scopes: ["email","openid","https://www.googleapis.com/auth/cloudplatformprojects.readonly","https://www.googleapis.com/auth/firebase","https://www.googleapis.com/auth/cloud-platform"]
[debug] [2024-01-07T11:44:32.098Z] > authorizing via signed-in user (gauriket@gmail.com)
[info] 
     ######## #### ########  ######## ########     ###     ######  ########
     ##        ##  ##     ## ##       ##     ##  ##   ##  ##       ##
     ######    ##  ########  ######   ########  #########  ######  ######
     ##        ##  ##    ##  ##       ##     ## ##     ##       ## ##
     ##       #### ##     ## ######## ########  ##     ##  ######  ########

You're about to initialize a Firebase project in this directory:

  D:\Projects\scavengerhunt

Before we get started, keep in mind:

  * You are initializing within an existing Firebase project directory

[debug] [2024-01-07T11:44:32.722Z] <<< [apiv2][status] GET https://firebase-public.firebaseio.com/cli.json 200
[debug] [2024-01-07T11:44:32.723Z] <<< [apiv2][body] GET https://firebase-public.firebaseio.com/cli.json {"cloudBuildErrorAfter":1594252800000,"cloudBuildWarnAfter":1590019200000,"defaultNode10After":1594252800000,"minVersion":"3.0.5","node8DeploysDisabledAfter":1613390400000,"node8RuntimeDisabledAfter":1615809600000,"node8WarnAfter":1600128000000}
